(0000) 3000  0011000000000000 (   8)                 .ORIG x3000
(3000) 5020  0101000000100000 (  10)                 AND   R0 R0 #0
(3001) 5220  0101001000100000 (  11)                 AND   R1 R0 #0
(3002) 5420  0101010000100000 (  12)                 AND   R2 R0 #0
(3003) A007  1010000000000111 (  14)                 LDI   R0 X
(3004) A207  1010001000000111 (  15)                 LDI   R1 Y
(3005) 480F  0100100000001111 (  17)                 JSR   MULT
(3006) B406  1011010000000110 (  18)                 STI   R2 MULT_XY
(3007) 482C  0100100000101100 (  20)                 JSR   DIV
(3008) B005  1011000000000101 (  21)                 STI   R0 DIV_XY
(3009) B205  1011001000000101 (  22)                 STI   R1 MOD_XY
(300A) F025  1111000000100101 (  24)                 TRAP  x25
(300B) 3100  0011000100000000 (  26) X               .FILL x3100
(300C) 3101  0011000100000001 (  27) Y               .FILL x3101
(300D) 3102  0011000100000010 (  29) MULT_XY         .FILL x3102
(300E) 3103  0011000100000011 (  30) DIV_XY          .FILL x3103
(300F) 3104  0011000100000100 (  31) MOD_XY          .FILL x3104
(3010) 3105  0011000100000101 (  34) R0_SAVE         .FILL x3105
(3011) 3106  0011000100000110 (  35) R1_SAVE         .FILL x3106
(3012) 3107  0011000100000111 (  36) R2_SAVE         .FILL x3107
(3013) 3108  0011000100001000 (  37) R3_SAVE         .FILL x3108
(3014) 3109  0011000100001001 (  38) R4_SAVE         .FILL x3109
(3015) B1FA  1011000111111010 (  43) MULT            STI   R0 R0_SAVE
(3016) B3FA  1011001111111010 (  44)                 STI   R1 R1_SAVE
(3017) B7FB  1011011111111011 (  45)                 STI   R3 R3_SAVE
(3018) 54A0  0101010010100000 (  47)                 AND   R2 R2 #0
(3019) 56E0  0101011011100000 (  48)                 AND   R3 R3 #0
(301A) 16E1  0001011011100001 (  49)                 ADD   R3 R3 #1
(301B) 503F  0101000000111111 (  52)                 AND   R0 R0 #-1
(301C) 0604  0000011000000100 (  53)                 BRZP  MULT_XPOS
(301D) 903F  1001000000111111 (  55)                 NOT   R0 R0
(301E) 1021  0001000000100001 (  56)                 ADD   R0 R0 #1
(301F) 96FF  1001011011111111 (  59)                 NOT   R3 R3
(3020) 16E1  0001011011100001 (  60)                 ADD   R3 R3 #1
(3021) 527F  0101001001111111 (  64) MULT_XPOS       AND   R1 R1 #-1
(3022) 0604  0000011000000100 (  65)                 BRZP  MULT_START_LOOP
(3023) 927F  1001001001111111 (  67)                 NOT   R1 R1
(3024) 1261  0001001001100001 (  68)                 ADD   R1 R1 #1
(3025) 96FF  1001011011111111 (  71)                 NOT   R3 R3
(3026) 16E1  0001011011100001 (  72)                 ADD   R3 R3 #1
(3027) 527F  0101001001111111 (  76) MULT_START_LOOP AND   R1 R1 #-1
(3028) 0403  0000010000000011 (  77)                 BRZ   MULT_END_LOOP
(3029) 1480  0001010010000000 (  78)                 ADD   R2 R2 R0
(302A) 127F  0001001001111111 (  79)                 ADD   R1 R1 #-1
(302B) 0FFB  0000111111111011 (  80)                 BRNZP MULT_START_LOOP
(302C) 56FF  0101011011111111 (  83) MULT_END_LOOP   AND   R3 R3 #-1
(302D) 0602  0000011000000010 (  84)                 BRZP  MULT_SAVE_END
(302E) 94BF  1001010010111111 (  86)                 NOT   R2 R2
(302F) 14A1  0001010010100001 (  87)                 ADD   R2 R2 #1
(3030) A1DF  1010000111011111 (  91) MULT_SAVE_END   LDI   R0 R0_SAVE
(3031) A3DF  1010001111011111 (  92)                 LDI   R1 R1_SAVE
(3032) A7E0  1010011111100000 (  93)                 LDI   R3 R3_SAVE
(3033) C1C0  1100000111000000 (  94)                 RET   
(3034) B7DE  1011011111011110 (  99) DIV             STI   R3 R3_SAVE
(3035) B9DE  1011100111011110 ( 100)                 STI   R4 R4_SAVE
(3036) 563F  0101011000111111 ( 103)                 AND   R3 R0 #-1
(3037) 587F  0101100001111111 ( 104)                 AND   R4 R1 #-1
(3038) 5020  0101000000100000 ( 106)                 AND   R0 R0 #0
(3039) 5260  0101001001100000 ( 107)                 AND   R1 R1 #0
(303A) 54A0  0101010010100000 ( 108)                 AND   R2 R2 #0
(303B) 56FF  0101011011111111 ( 111)                 AND   R3 R3 #-1
(303C) 040A  0000010000001010 ( 112)                 BRZ   DIV_END
(303D) 593F  0101100100111111 ( 115)                 AND   R4 R4 #-1
(303E) 0408  0000010000001000 ( 116)                 BRZ   DIV_END
(303F) 12E0  0001001011100000 ( 117)                 ADD   R1 R3 #0
(3040) 953F  1001010100111111 ( 126) DIV_START_LOOP  NOT   R2 R4
(3041) 14A1  0001010010100001 ( 127)                 ADD   R2 R2 #1
(3042) 1481  0001010010000001 ( 128)                 ADD   R2 R2 R1
(3043) 0803  0000100000000011 ( 129)                 BRN   DIV_END
(3044) 12A0  0001001010100000 ( 130)                 ADD   R1 R2 #0
(3045) 1021  0001000000100001 ( 131)                 ADD   R0 R0 #1
(3046) 0FF9  0000111111111001 ( 132)                 BRNZP DIV_START_LOOP
(3047) 14A1  0001010010100001 ( 136) DIV_END         ADD   R2 R2 #1
(3048) A7CA  1010011111001010 ( 138)                 LDI   R3 R3_SAVE
(3049) A9CA  1010100111001010 ( 139)                 LDI   R4 R4_SAVE
(304A) C1C0  1100000111000000 ( 140)                 RET   
